Using pre-set license
Built from '2020.3/staging' branch; Version is '2020.3.4f1 (0abb6314276a) revision 703331'; Using compiler version '192528614'; Build Type 'Release'
OS: 'Windows 10 Home; OS build 19045.5737; Version 2009; 64bit' Language: 'en' Physical Memory: 32669 MB
BatchMode: 1, IsHumanControllingUs: 0, StartBugReporterOnCrash: 0, Is64bit: 1, IsPro: 0

 COMMAND LINE ARGUMENTS:
C:\Program Files\Unity\Hub\Editor\2020.3.4f1\Editor\Unity.exe
-adb2
-batchMode
-noUpm
-name
AssetImportWorker0
-projectPath
C:/Users/T_che/VR-Road
-logFile
Logs/AssetImportWorker0.log
-srvPort
53019
Successfully changed project path to: C:/Users/T_che/VR-Road
C:/Users/T_che/VR-Road
Using Asset Import Pipeline V2.
Refreshing native plugins compatible for Editor in 46.43 ms, found 3 plugins.
Preloading 1 native plugins for Editor in 0.65 ms.
Initialize engine version: 2020.3.4f1 (0abb6314276a)
[Subsystems] Discovering subsystems at path C:/Program Files/Unity/Hub/Editor/2020.3.4f1/Editor/Data/Resources/UnitySubsystems
[Subsystems] Discovering subsystems at path C:/Users/T_che/VR-Road/Assets
GfxDevice: creating device client; threaded=0
Direct3D:
    Version:  Direct3D 11.0 [level 11.1]
    Renderer: NVIDIA GeForce RTX 3070 (ID=0x2484)
    Vendor:   
    VRAM:     8018 MB
    Driver:   32.0.15.6094
Shader 'Custom/EVP Particles Alpha Blended Shadows': fallback shader 'Particles/Alpha Blended' not found
Initialize mono
Mono path[0] = 'C:/Program Files/Unity/Hub/Editor/2020.3.4f1/Editor/Data/Managed'
Mono path[1] = 'C:/Program Files/Unity/Hub/Editor/2020.3.4f1/Editor/Data/MonoBleedingEdge/lib/mono/unityjit'
Mono config path = 'C:/Program Files/Unity/Hub/Editor/2020.3.4f1/Editor/Data/MonoBleedingEdge/etc'
Using monoOptions --debugger-agent=transport=dt_socket,embedding=1,server=y,suspend=n,address=127.0.0.1:56580
Begin MonoManager ReloadAssembly
Registering precompiled unity dll's ...
Register platform support module: C:/Program Files/Unity/Hub/Editor/2020.3.4f1/Editor/Data/PlaybackEngines/WindowsStandaloneSupport/UnityEditor.WindowsStandalone.Extensions.dll
Registered in 0.001806 seconds.
Native extension for WindowsStandalone target not found
Refreshing native plugins compatible for Editor in 57.66 ms, found 3 plugins.
Preloading 1 native plugins for Editor in 0.12 ms.
Mono: successfully reloaded assembly
- Completed reload, in  0.883 seconds
Platform modules already initialized, skipping
Registering precompiled user dll's ...
Registered in 0.001597 seconds.
Begin MonoManager ReloadAssembly
Native extension for WindowsStandalone target not found
Refreshing native plugins compatible for Editor in 66.84 ms, found 3 plugins.
Preloading 1 native plugins for Editor in 0.15 ms.
[XR] OculusXRPlugin: registering subsystems
[XR] Unable to register display lifecyle provider: [1]
[XR] Oculus Input lifecycle provider registered.
[XR] Unable to register input lifecyle provider: [1]
NullReferenceException: Object reference not set to an instance of an object
  at Unity.XR.Oculus.OculusLoader.AssetPathToAbsolutePath (System.String assetPath) [0x00048] in C:\Users\T_che\VR-Road\Library\PackageCache\com.unity.xr.oculus@1.9.1\Runtime\OculusLoader.cs:249 
  at Unity.XR.Oculus.OculusLoader.EditorLoadOVRPlugin () [0x0007b] in C:\Users\T_che\VR-Road\Library\PackageCache\com.unity.xr.oculus@1.9.1\Runtime\OculusLoader.cs:234 

(Filename: Library/PackageCache/com.unity.xr.oculus@1.9.1/Runtime/OculusLoader.cs Line: 249)

Mono: successfully reloaded assembly
- Completed reload, in  1.150 seconds
Platform modules already initialized, skipping
========================================================================
Worker process is ready to serve import requests
Shader 'Custom/EVP Particles Alpha Blended Shadows': fallback shader 'Particles/Alpha Blended' not found
Launched and connected shader compiler UnityShaderCompiler.exe after 0.06 seconds
Refreshing native plugins compatible for Editor in 1.24 ms, found 3 plugins.
Preloading 1 native plugins for Editor in 1.09 ms.
Unloading 1643 Unused Serialized files (Serialized files now loaded: 0)
System memory in use before: 97.9 MB.
System memory in use after: 98.0 MB.

Unloading 13 unused Assets to reduce memory usage. Loaded Objects now: 2117.
Total: 4.635500 ms (FindLiveObjects: 0.292800 ms CreateObjectMapping: 0.038000 ms MarkObjects: 4.142600 ms  DeleteObjects: 0.160200 ms)

========================================================================
Received Import Request.
  path: Assets/Scenes/Physical_skills.unity
  artifactKey: Guid(5de19e064bb6843d6888e3c7e396cedd) Importer(815301076,1909f56bfc062723c751e8b465ee728b)
Start importing Assets/Scenes/Physical_skills.unity using Guid(5de19e064bb6843d6888e3c7e396cedd) Importer(815301076,1909f56bfc062723c751e8b465ee728b)  -> (artifact id: '52f331b9afa44b43e78ce34c0318584b') in 0.042364 seconds
  Import took 0.046323 seconds .

========================================================================
Received Prepare
Shader 'Custom/EVP Particles Alpha Blended Shadows': fallback shader 'Particles/Alpha Blended' not found
Refreshing native plugins compatible for Editor in 1.31 ms, found 3 plugins.
Preloading 1 native plugins for Editor in 0.07 ms.
Unloading 3 Unused Serialized files (Serialized files now loaded: 0)
System memory in use before: 62.8 MB.
System memory in use after: 62.9 MB.

Unloading 3 unused Assets to reduce memory usage. Loaded Objects now: 2117.
Total: 2.527500 ms (FindLiveObjects: 0.262700 ms CreateObjectMapping: 0.043700 ms MarkObjects: 2.209200 ms  DeleteObjects: 0.010700 ms)

========================================================================
Received Import Request.
  Time since last request: 64847.236089 seconds.
  path: Assets/Scripts/ToggleMenu.cs
  artifactKey: Guid(19949497d76c92a409ca3d88d0a8f713) Importer(815301076,1909f56bfc062723c751e8b465ee728b)
Start importing Assets/Scripts/ToggleMenu.cs using Guid(19949497d76c92a409ca3d88d0a8f713) Importer(815301076,1909f56bfc062723c751e8b465ee728b)  -> (artifact id: '4af38201b3832d535c878e222daa8696') in 0.047881 seconds
  Import took 0.051096 seconds .

========================================================================
Received Import Request.
  Time since last request: 10.136261 seconds.
  path: Assets/Scripts/HidePanelOnSpace.cs
  artifactKey: Guid(b234f7a5d23104c6abf67d9f13386b10) Importer(815301076,1909f56bfc062723c751e8b465ee728b)
Start importing Assets/Scripts/HidePanelOnSpace.cs using Guid(b234f7a5d23104c6abf67d9f13386b10) Importer(815301076,1909f56bfc062723c751e8b465ee728b)  -> (artifact id: '31a92c293d0d4d6382546febf8240fd9') in 0.010722 seconds
  Import took 0.013475 seconds .

========================================================================
Received Import Request.
  Time since last request: 0.001520 seconds.
  path: Assets/Scripts/HidePanelOnSpace.cs
  artifactKey: Guid(b234f7a5d23104c6abf67d9f13386b10) Importer(815301076,1909f56bfc062723c751e8b465ee728b)
Start importing Assets/Scripts/HidePanelOnSpace.cs using Guid(b234f7a5d23104c6abf67d9f13386b10) Importer(815301076,1909f56bfc062723c751e8b465ee728b)  -> (artifact id: '31a92c293d0d4d6382546febf8240fd9') in 0.009165 seconds
  Import took 0.011484 seconds .

========================================================================
Received Import Request.
  Time since last request: 12.364418 seconds.
  path: Assets/Scripts/HidePanelOnKey.cs
  artifactKey: Guid(5810e64b2b8f74c66932d188bad6c077) Importer(815301076,1909f56bfc062723c751e8b465ee728b)
Start importing Assets/Scripts/HidePanelOnKey.cs using Guid(5810e64b2b8f74c66932d188bad6c077) Importer(815301076,1909f56bfc062723c751e8b465ee728b)  -> (artifact id: 'ed7111455478ecbe4c32580365620b86') in 0.010926 seconds
  Import took 0.013646 seconds .

========================================================================
Received Import Request.
  Time since last request: 0.000764 seconds.
  path: Assets/Scripts/HidePanelOnKey.cs
  artifactKey: Guid(5810e64b2b8f74c66932d188bad6c077) Importer(815301076,1909f56bfc062723c751e8b465ee728b)
Start importing Assets/Scripts/HidePanelOnKey.cs using Guid(5810e64b2b8f74c66932d188bad6c077) Importer(815301076,1909f56bfc062723c751e8b465ee728b)  -> (artifact id: 'ed7111455478ecbe4c32580365620b86') in 0.001910 seconds
  Import took 0.003847 seconds .

========================================================================
Received Import Request.
  Time since last request: 17.345255 seconds.
  path: Assets/Scripts/SpeedTest.cs
  artifactKey: Guid(173788f66c0fe496a8cbb7a1c4cd42e5) Importer(815301076,1909f56bfc062723c751e8b465ee728b)
Start importing Assets/Scripts/SpeedTest.cs using Guid(173788f66c0fe496a8cbb7a1c4cd42e5) Importer(815301076,1909f56bfc062723c751e8b465ee728b)  -> (artifact id: '2680281fd94cb723eabe6e9917085088') in 0.009474 seconds
  Import took 0.012145 seconds .

========================================================================
Received Prepare
Registering precompiled user dll's ...
Registered in 0.092908 seconds.
Begin MonoManager ReloadAssembly
Native extension for WindowsStandalone target not found
Refreshing native plugins compatible for Editor in 0.68 ms, found 3 plugins.
Preloading 1 native plugins for Editor in 0.10 ms.
NullReferenceException: Object reference not set to an instance of an object
  at Unity.XR.Oculus.OculusLoader.AssetPathToAbsolutePath (System.String assetPath) [0x00048] in C:\Users\T_che\VR-Road\Library\PackageCache\com.unity.xr.oculus@1.9.1\Runtime\OculusLoader.cs:249 
  at Unity.XR.Oculus.OculusLoader.EditorLoadOVRPlugin () [0x0007b] in C:\Users\T_che\VR-Road\Library\PackageCache\com.unity.xr.oculus@1.9.1\Runtime\OculusLoader.cs:234 

(Filename: Library/PackageCache/com.unity.xr.oculus@1.9.1/Runtime/OculusLoader.cs Line: 249)

Mono: successfully reloaded assembly
- Completed reload, in  0.655 seconds
Platform modules already initialized, skipping
Shader 'Custom/EVP Particles Alpha Blended Shadows': fallback shader 'Particles/Alpha Blended' not found
Refreshing native plugins compatible for Editor in 0.66 ms, found 3 plugins.
Preloading 1 native plugins for Editor in 0.09 ms.
Unloading 1595 Unused Serialized files (Serialized files now loaded: 0)
System memory in use before: 94.6 MB.
System memory in use after: 94.7 MB.

Unloading 6 unused Assets to reduce memory usage. Loaded Objects now: 2121.
Total: 2.095700 ms (FindLiveObjects: 0.244600 ms CreateObjectMapping: 0.045100 ms MarkObjects: 1.788300 ms  DeleteObjects: 0.016500 ms)

AssetImportWorkerClient::OnTransportError - code=2 error=End of file
