Using pre-set license
Built from '2020.3/staging' branch; Version is '2020.3.4f1 (0abb6314276a) revision 703331'; Using compiler version '192528614'; Build Type 'Release'
OS: 'Windows 10 Home; OS build 26100.3476; Version 2009; 64bit' Language: 'en' Physical Memory: 32637 MB
BatchMode: 1, IsHumanControllingUs: 0, StartBugReporterOnCrash: 0, Is64bit: 1, IsPro: 0

 COMMAND LINE ARGUMENTS:
C:\Program Files\Unity\Hub\Editor\2020.3.4f1\Editor\Unity.exe
-adb2
-batchMode
-noUpm
-name
AssetImportWorker0
-projectPath
C:/Users/godwi/Desktop/2025 Projects/VRroad/VR-Road/VR-Road
-logFile
Logs/AssetImportWorker0.log
-srvPort
57956
Successfully changed project path to: C:/Users/godwi/Desktop/2025 Projects/VRroad/VR-Road/VR-Road
C:/Users/godwi/Desktop/2025 Projects/VRroad/VR-Road/VR-Road
Using Asset Import Pipeline V2.
Refreshing native plugins compatible for Editor in 49.83 ms, found 3 plugins.
Preloading 1 native plugins for Editor in 1.06 ms.
Initialize engine version: 2020.3.4f1 (0abb6314276a)
[Subsystems] Discovering subsystems at path C:/Program Files/Unity/Hub/Editor/2020.3.4f1/Editor/Data/Resources/UnitySubsystems
[Subsystems] Discovering subsystems at path C:/Users/godwi/Desktop/2025 Projects/VRroad/VR-Road/VR-Road/Assets
GfxDevice: creating device client; threaded=0
Direct3D:
    Version:  Direct3D 11.0 [level 11.1]
    Renderer: NVIDIA GeForce RTX 3060 Ti (ID=0x2489)
    Vendor:   
    VRAM:     8024 MB
    Driver:   32.0.15.7283
Shader 'Custom/EVP Particles Alpha Blended Shadows': fallback shader 'Particles/Alpha Blended' not found
Initialize mono
Mono path[0] = 'C:/Program Files/Unity/Hub/Editor/2020.3.4f1/Editor/Data/Managed'
Mono path[1] = 'C:/Program Files/Unity/Hub/Editor/2020.3.4f1/Editor/Data/MonoBleedingEdge/lib/mono/unityjit'
Mono config path = 'C:/Program Files/Unity/Hub/Editor/2020.3.4f1/Editor/Data/MonoBleedingEdge/etc'
Using monoOptions --debugger-agent=transport=dt_socket,embedding=1,server=y,suspend=n,address=127.0.0.1:56504
Begin MonoManager ReloadAssembly
Registering precompiled unity dll's ...
Register platform support module: C:/Program Files/Unity/Hub/Editor/2020.3.4f1/Editor/Data/PlaybackEngines/WindowsStandaloneSupport/UnityEditor.WindowsStandalone.Extensions.dll
Registered in 0.002098 seconds.
Native extension for WindowsStandalone target not found
Refreshing native plugins compatible for Editor in 50.66 ms, found 3 plugins.
Preloading 1 native plugins for Editor in 0.18 ms.
Mono: successfully reloaded assembly
- Completed reload, in  1.151 seconds
Platform modules already initialized, skipping
Registering precompiled user dll's ...
Registered in 0.002313 seconds.
Begin MonoManager ReloadAssembly
Native extension for WindowsStandalone target not found
Refreshing native plugins compatible for Editor in 49.21 ms, found 3 plugins.
Preloading 1 native plugins for Editor in 0.18 ms.
[XR] OculusXRPlugin: registering subsystems
[XR] Unable to register display lifecyle provider: [1]
[XR] Oculus Input lifecycle provider registered.
[XR] Unable to register input lifecyle provider: [1]
NullReferenceException: Object reference not set to an instance of an object
  at Unity.XR.Oculus.OculusLoader.AssetPathToAbsolutePath (System.String assetPath) [0x00048] in C:\Users\T_che\VR-Road\Library\PackageCache\com.unity.xr.oculus@1.9.1\Runtime\OculusLoader.cs:249 
  at Unity.XR.Oculus.OculusLoader.EditorLoadOVRPlugin () [0x0007b] in C:\Users\T_che\VR-Road\Library\PackageCache\com.unity.xr.oculus@1.9.1\Runtime\OculusLoader.cs:234 

(Filename: C:/Users/T_che/VR-Road/Library/PackageCache/com.unity.xr.oculus@1.9.1/Runtime/OculusLoader.cs Line: 249)

Mono: successfully reloaded assembly
- Completed reload, in  1.013 seconds
Platform modules already initialized, skipping
========================================================================
Worker process is ready to serve import requests
Shader 'Custom/EVP Particles Alpha Blended Shadows': fallback shader 'Particles/Alpha Blended' not found
Launched and connected shader compiler UnityShaderCompiler.exe after 0.05 seconds
Refreshing native plugins compatible for Editor in 0.63 ms, found 3 plugins.
Preloading 1 native plugins for Editor in 0.17 ms.
Unloading 1639 Unused Serialized files (Serialized files now loaded: 0)
System memory in use before: 96.0 MB.
System memory in use after: 96.1 MB.

Unloading 13 unused Assets to reduce memory usage. Loaded Objects now: 2111.
Total: 4.383200 ms (FindLiveObjects: 0.665500 ms CreateObjectMapping: 0.149500 ms MarkObjects: 3.410500 ms  DeleteObjects: 0.155500 ms)

========================================================================
Received Import Request.
  path: Assets/Scenes/Highway.unity
  artifactKey: Guid(8795a36539fb245d09673f02284a603e) Importer(815301076,1909f56bfc062723c751e8b465ee728b)
Start importing Assets/Scenes/Highway.unity using Guid(8795a36539fb245d09673f02284a603e) Importer(815301076,1909f56bfc062723c751e8b465ee728b)  -> (artifact id: 'dbb55845b8659bf3d5d8a577ceb66be1') in 0.015098 seconds
  Import took 0.019406 seconds .

========================================================================
Received Prepare
Registering precompiled user dll's ...
Registered in 0.002587 seconds.
Begin MonoManager ReloadAssembly
Native extension for WindowsStandalone target not found
Refreshing native plugins compatible for Editor in 0.72 ms, found 3 plugins.
Preloading 1 native plugins for Editor in 0.14 ms.
NullReferenceException: Object reference not set to an instance of an object
  at Unity.XR.Oculus.OculusLoader.AssetPathToAbsolutePath (System.String assetPath) [0x00048] in C:\Users\T_che\VR-Road\Library\PackageCache\com.unity.xr.oculus@1.9.1\Runtime\OculusLoader.cs:249 
  at Unity.XR.Oculus.OculusLoader.EditorLoadOVRPlugin () [0x0007b] in C:\Users\T_che\VR-Road\Library\PackageCache\com.unity.xr.oculus@1.9.1\Runtime\OculusLoader.cs:234 

(Filename: C:/Users/T_che/VR-Road/Library/PackageCache/com.unity.xr.oculus@1.9.1/Runtime/OculusLoader.cs Line: 249)

Mono: successfully reloaded assembly
- Completed reload, in  0.993 seconds
Platform modules already initialized, skipping
Shader 'Custom/EVP Particles Alpha Blended Shadows': fallback shader 'Particles/Alpha Blended' not found
Refreshing native plugins compatible for Editor in 0.90 ms, found 3 plugins.
Preloading 1 native plugins for Editor in 0.23 ms.
Unloading 1591 Unused Serialized files (Serialized files now loaded: 0)
System memory in use before: 92.6 MB.
System memory in use after: 92.8 MB.

Unloading 6 unused Assets to reduce memory usage. Loaded Objects now: 2115.
Total: 7.280000 ms (FindLiveObjects: 0.368200 ms CreateObjectMapping: 0.162000 ms MarkObjects: 6.716100 ms  DeleteObjects: 0.031300 ms)

========================================================================
Received Import Request.
  Time since last request: 495.065409 seconds.
  path: Assets/Scenes/Nighttime.unity
  artifactKey: Guid(b8fbcdd3e9046435d9c667e13f4db1fa) Importer(815301076,1909f56bfc062723c751e8b465ee728b)
Start importing Assets/Scenes/Nighttime.unity using Guid(b8fbcdd3e9046435d9c667e13f4db1fa) Importer(815301076,1909f56bfc062723c751e8b465ee728b)  -> (artifact id: '87c5b48507ed5da88f6c4146256cf5df') in 0.021582 seconds
  Import took 0.024850 seconds .

========================================================================
Received Import Request.
  Time since last request: 42.292210 seconds.
  path: Assets/Scenes/Parking.unity
  artifactKey: Guid(89af7040ed9bc4f598b349d6fdaa1bd5) Importer(815301076,1909f56bfc062723c751e8b465ee728b)
Start importing Assets/Scenes/Parking.unity using Guid(89af7040ed9bc4f598b349d6fdaa1bd5) Importer(815301076,1909f56bfc062723c751e8b465ee728b)  -> (artifact id: '4947ebbf92632dcb77f7e8494e491ad6') in 0.011897 seconds
  Import took 0.014951 seconds .

========================================================================
Received Import Request.
  Time since last request: 215.914350 seconds.
  path: Assets/Scenes/Practice_no_traffic.unity
  artifactKey: Guid(2e4d215f086f64dff96f7102a2d17beb) Importer(815301076,1909f56bfc062723c751e8b465ee728b)
Start importing Assets/Scenes/Practice_no_traffic.unity using Guid(2e4d215f086f64dff96f7102a2d17beb) Importer(815301076,1909f56bfc062723c751e8b465ee728b)  -> (artifact id: '4875bb0d4cde4a165d15e5efbe7e4c4a') in 0.011054 seconds
  Import took 0.014074 seconds .

========================================================================
Received Prepare
Registering precompiled user dll's ...
Registered in 0.324049 seconds.
Begin MonoManager ReloadAssembly
Native extension for WindowsStandalone target not found
Refreshing native plugins compatible for Editor in 1.26 ms, found 3 plugins.
Preloading 1 native plugins for Editor in 0.17 ms.
NullReferenceException: Object reference not set to an instance of an object
  at Unity.XR.Oculus.OculusLoader.AssetPathToAbsolutePath (System.String assetPath) [0x00048] in C:\Users\T_che\VR-Road\Library\PackageCache\com.unity.xr.oculus@1.9.1\Runtime\OculusLoader.cs:249 
  at Unity.XR.Oculus.OculusLoader.EditorLoadOVRPlugin () [0x0007b] in C:\Users\T_che\VR-Road\Library\PackageCache\com.unity.xr.oculus@1.9.1\Runtime\OculusLoader.cs:234 

(Filename: C:/Users/T_che/VR-Road/Library/PackageCache/com.unity.xr.oculus@1.9.1/Runtime/OculusLoader.cs Line: 249)

Mono: successfully reloaded assembly
- Completed reload, in  0.916 seconds
Platform modules already initialized, skipping
Shader 'Custom/EVP Particles Alpha Blended Shadows': fallback shader 'Particles/Alpha Blended' not found
Refreshing native plugins compatible for Editor in 0.55 ms, found 3 plugins.
Preloading 1 native plugins for Editor in 0.15 ms.
Unloading 1591 Unused Serialized files (Serialized files now loaded: 0)
System memory in use before: 92.7 MB.
System memory in use after: 92.8 MB.

Unloading 6 unused Assets to reduce memory usage. Loaded Objects now: 2119.
Total: 2.148300 ms (FindLiveObjects: 0.202700 ms CreateObjectMapping: 0.083200 ms MarkObjects: 1.839000 ms  DeleteObjects: 0.022300 ms)

========================================================================
Received Import Request.
  Time since last request: 933.413490 seconds.
  path: Assets/Fantastic City Generator/Player
  artifactKey: Guid(ab5ee97cee2e56d438960f5531c225d1) Importer(815301076,1909f56bfc062723c751e8b465ee728b)
Start importing Assets/Fantastic City Generator/Player using Guid(ab5ee97cee2e56d438960f5531c225d1) Importer(815301076,1909f56bfc062723c751e8b465ee728b)  -> (artifact id: '869c24752a8cf2990a5c456f447ebdee') in 0.014939 seconds
  Import took 0.018561 seconds .

========================================================================
Received Import Request.
  Time since last request: 1.272573 seconds.
  path: Assets/Fantastic City Generator/Player/Player
  artifactKey: Guid(ca76ea0a3414a2443a319c3c4ea7a9b0) Importer(815301076,1909f56bfc062723c751e8b465ee728b)
Start importing Assets/Fantastic City Generator/Player/Player using Guid(ca76ea0a3414a2443a319c3c4ea7a9b0) Importer(815301076,1909f56bfc062723c751e8b465ee728b)  -> (artifact id: '87c2216bd2f1e49f2a91443a5161e6fb') in 0.002737 seconds
  Import took 0.005856 seconds .

========================================================================
Received Import Request.
  Time since last request: 0.095929 seconds.
  path: Assets/Fantastic City Generator/Player/Player/First Person Player.prefab
  artifactKey: Guid(aebe9e114aaacfe419defa7abd65cca4) Importer(815301076,1909f56bfc062723c751e8b465ee728b)
Start importing Assets/Fantastic City Generator/Player/Player/First Person Player.prefab using Guid(aebe9e114aaacfe419defa7abd65cca4) Importer(815301076,1909f56bfc062723c751e8b465ee728b)  -> (artifact id: 'ecdba9c66a75935be518051a57026862') in 0.088457 seconds
  Import took 0.091373 seconds .

AssetImportWorkerClient::OnTransportError - code=2 error=End of file
